<?xml version="1.0" encoding="UTF-8"?>
<testng-results skipped="0" failed="0" ignored="0" total="1" passed="1">
  <reporter-output>
  </reporter-output>
  <suite name="All" duration-ms="135474" started-at="2018-11-16T09:02:36Z" finished-at="2018-11-16T09:04:51Z">
    <groups>
    </groups>
    <test name="All tests" duration-ms="135474" started-at="2018-11-16T09:02:36Z" finished-at="2018-11-16T09:04:51Z">
      <class name="com.glooko.tests.login.LoginTest">
        <test-method status="PASS" signature="setup()[pri:0, instance:com.glooko.tests.login.LoginTest@1dfe2924]" name="setup" is-config="true" duration-ms="45956" started-at="2018-11-16T09:02:36Z" finished-at="2018-11-16T09:03:22Z">
          <reporter-output>
          </reporter-output>
        </test-method> <!-- setup -->
        <test-method status="PASS" signature="init()[pri:0, instance:com.glooko.tests.login.LoginTest@1dfe2924]" name="init" is-config="true" duration-ms="1848" started-at="2018-11-16T09:03:22Z" finished-at="2018-11-16T09:03:24Z">
          <reporter-output>
          </reporter-output>
        </test-method> <!-- init -->
        <test-method status="PASS" signature="logintest()[pri:0, instance:com.glooko.tests.login.LoginTest@1dfe2924]" name="logintest" duration-ms="87562" started-at="2018-11-16T09:03:24Z" finished-at="2018-11-16T09:04:51Z">
          <reporter-output>
          </reporter-output>
        </test-method> <!-- logintest -->
        <test-method status="PASS" signature="stopServer()[pri:0, instance:com.glooko.tests.login.LoginTest@1dfe2924]" name="stopServer" is-config="true" duration-ms="60" started-at="2018-11-16T09:04:51Z" finished-at="2018-11-16T09:04:51Z">
          <reporter-output>
          </reporter-output>
        </test-method> <!-- stopServer -->
      </class> <!-- com.glooko.tests.login.LoginTest -->
    </test> <!-- All tests -->
  </suite> <!-- All -->
</testng-results>
